<?xml version="1.0" encoding="UTF-8"?>
<testng-results skipped="0" failed="0" ignored="0" total="1" passed="1">
  <reporter-output>
  </reporter-output>
  <suite name="Default suite" duration-ms="47017" started-at="2019-10-06T14:47:21 IST" finished-at="2019-10-06T14:48:08 IST">
    <groups>
    </groups>
    <test name="Default test" duration-ms="47017" started-at="2019-10-06T14:47:21 IST" finished-at="2019-10-06T14:48:08 IST">
      <class name="testCases.CreateAccountFBTestCase">
        <test-method status="PASS" signature="openBrowser()[pri:0, instance:testCases.CreateAccountFBTestCase@cd2dae5]" name="openBrowser" is-config="true" duration-ms="23738" started-at="2019-10-06T14:46:57 IST" finished-at="2019-10-06T14:47:21 IST">
          <reporter-output>
          </reporter-output>
        </test-method> <!-- openBrowser -->
        <test-method status="PASS" signature="TestCase1()[pri:0, instance:testCases.CreateAccountFBTestCase@cd2dae5]" name="TestCase1" duration-ms="46852" started-at="2019-10-06T14:47:21 IST" finished-at="2019-10-06T14:48:08 IST">
          <reporter-output>
          </reporter-output>
        </test-method> <!-- TestCase1 -->
      </class> <!-- testCases.CreateAccountFBTestCase -->
    </test> <!-- Default test -->
  </suite> <!-- Default suite -->
</testng-results>
